[debug] [2018-04-04T12:26:19.483Z] ----------------------------------------------------------------------
[debug] [2018-04-04T12:26:19.485Z] Command:       /usr/local/Cellar/node/9.4.0/bin/node /usr/local/bin/firebase init
[debug] [2018-04-04T12:26:19.485Z] CLI Version:   3.18.0
[debug] [2018-04-04T12:26:19.485Z] Platform:      darwin
[debug] [2018-04-04T12:26:19.485Z] Node Version:  v9.4.0
[debug] [2018-04-04T12:26:19.486Z] Time:          Wed Apr 04 2018 17:56:19 GMT+0530 (IST)
[debug] [2018-04-04T12:26:19.486Z] ----------------------------------------------------------------------
[debug] 
[debug] [2018-04-04T12:26:19.494Z] > command requires scopes: ["email","openid","https://www.googleapis.com/auth/cloudplatformprojects.readonly","https://www.googleapis.com/auth/firebase"]
[debug] [2018-04-04T12:26:19.494Z] > authorizing via signed-in user
[info] 
     🔥🔥🔥🔥🔥🔥🔥🔥 🔥🔥🔥🔥 🔥🔥🔥🔥🔥🔥🔥🔥  🔥🔥🔥🔥🔥🔥🔥🔥 🔥🔥🔥🔥🔥🔥🔥🔥     🔥🔥🔥     🔥🔥🔥🔥🔥🔥  🔥🔥🔥🔥🔥🔥🔥🔥
     🔥🔥        🔥🔥  🔥🔥     🔥🔥 🔥🔥       🔥🔥     🔥🔥  🔥🔥   🔥🔥  🔥🔥       🔥🔥
     🔥🔥🔥🔥🔥🔥    🔥🔥  🔥🔥🔥🔥🔥🔥🔥🔥  🔥🔥🔥🔥🔥🔥   🔥🔥🔥🔥🔥🔥🔥🔥  🔥🔥🔥🔥🔥🔥🔥🔥🔥  🔥🔥🔥🔥🔥🔥  🔥🔥🔥🔥🔥🔥
     🔥🔥        🔥🔥  🔥🔥    🔥🔥  🔥🔥       🔥🔥     🔥🔥 🔥🔥     🔥🔥       🔥🔥 🔥🔥
     🔥🔥       🔥🔥🔥🔥 🔥🔥     🔥🔥 🔥🔥🔥🔥🔥🔥🔥🔥 🔥🔥🔥🔥🔥🔥🔥🔥  🔥🔥     🔥🔥  🔥🔥🔥🔥🔥🔥  🔥🔥🔥🔥🔥🔥🔥🔥

You're about to initialize a Firebase project in this directory:

  /Users/meet.zaveri/Projects/code-snippet-manager/server

[info] 
=== Project Setup
[info] 
[info] First, let's associate this project directory with a Firebase project.
[info] You can create multiple project aliases by running firebase use --add, 
[info] but for now we'll just set up a default project.
[info] 
[debug] [2018-04-04T12:26:25.711Z] > refreshing access token with scopes: ["email","https://www.googleapis.com/auth/cloudplatformprojects.readonly","https://www.googleapis.com/auth/firebase","openid"]
[debug] [2018-04-04T12:26:25.712Z] >>> HTTP REQUEST POST https://www.googleapis.com/oauth2/v3/token  
 { refresh_token: '1/MHuN2Y8bVN7YA6Yf1fw3G1pHNkEJm8MoIN34D_2Ow_w',
  client_id: '563584335869-fgrhgmd47bqnekij5i8b5pr03ho849e6.apps.googleusercontent.com',
  client_secret: 'j9iVZfS8kkCEFUPaAeJV0sAi',
  grant_type: 'refresh_token',
  scope: 'email https://www.googleapis.com/auth/cloudplatformprojects.readonly https://www.googleapis.com/auth/firebase openid' } 
 Wed Apr 04 2018 17:56:25 GMT+0530 (IST)
[debug] [2018-04-04T12:26:26.088Z] <<< HTTP RESPONSE 200
[debug] [2018-04-04T12:26:26.093Z] >>> HTTP REQUEST GET https://admin.firebase.com/v1/projects  
  
 Wed Apr 04 2018 17:56:26 GMT+0530 (IST)
[debug] [2018-04-04T12:26:27.789Z] <<< HTTP RESPONSE 200
[info] 
=== Hosting Setup
[info] 
[info] Your public directory is the folder (relative to your project directory) that
[info] will contain Hosting assets to be uploaded with firebase deploy. If you
[info] have a build process for your assets, use your build's output directory.
[info] 
